mode: atomic
github.com/ShotaKitazawa/kube-portal/internal/infrastructure/kubernetes/client.go:32.13,35.2 1 1
github.com/ShotaKitazawa/kube-portal/internal/infrastructure/kubernetes/client.go:45.77,47.16 2 0
github.com/ShotaKitazawa/kube-portal/internal/infrastructure/kubernetes/client.go:47.16,49.3 1 0
github.com/ShotaKitazawa/kube-portal/internal/infrastructure/kubernetes/client.go:50.2,51.16 2 0
github.com/ShotaKitazawa/kube-portal/internal/infrastructure/kubernetes/client.go:51.16,53.3 1 0
github.com/ShotaKitazawa/kube-portal/internal/infrastructure/kubernetes/client.go:54.2,55.16 2 0
github.com/ShotaKitazawa/kube-portal/internal/infrastructure/kubernetes/client.go:55.16,57.3 1 0
github.com/ShotaKitazawa/kube-portal/internal/infrastructure/kubernetes/client.go:58.2,58.46 1 0
github.com/ShotaKitazawa/kube-portal/internal/infrastructure/kubernetes/client.go:61.59,62.22 1 0
github.com/ShotaKitazawa/kube-portal/internal/infrastructure/kubernetes/client.go:62.22,64.3 1 0
github.com/ShotaKitazawa/kube-portal/internal/infrastructure/kubernetes/client.go:66.2,67.16 2 0
github.com/ShotaKitazawa/kube-portal/internal/infrastructure/kubernetes/client.go:67.16,69.17 2 0
github.com/ShotaKitazawa/kube-portal/internal/infrastructure/kubernetes/client.go:69.17,71.4 1 0
github.com/ShotaKitazawa/kube-portal/internal/infrastructure/kubernetes/client.go:73.2,73.17 1 0
github.com/ShotaKitazawa/kube-portal/internal/infrastructure/kubernetes/client.go:76.75,78.16 2 1
github.com/ShotaKitazawa/kube-portal/internal/infrastructure/kubernetes/client.go:78.16,80.3 1 0
github.com/ShotaKitazawa/kube-portal/internal/infrastructure/kubernetes/client.go:82.2,83.33 2 1
github.com/ShotaKitazawa/kube-portal/internal/infrastructure/kubernetes/client.go:83.33,89.41 3 1
github.com/ShotaKitazawa/kube-portal/internal/infrastructure/kubernetes/client.go:89.41,94.56 2 1
github.com/ShotaKitazawa/kube-portal/internal/infrastructure/kubernetes/client.go:94.56,95.13 1 0
github.com/ShotaKitazawa/kube-portal/internal/infrastructure/kubernetes/client.go:97.4,101.19 3 1
github.com/ShotaKitazawa/kube-portal/internal/infrastructure/kubernetes/client.go:101.19,103.13 2 0
github.com/ShotaKitazawa/kube-portal/internal/infrastructure/kubernetes/client.go:105.4,114.18 5 1
github.com/ShotaKitazawa/kube-portal/internal/infrastructure/kubernetes/client.go:115.18,115.18 0 1
github.com/ShotaKitazawa/kube-portal/internal/infrastructure/kubernetes/client.go:117.16,118.30 1 0
github.com/ShotaKitazawa/kube-portal/internal/infrastructure/kubernetes/client.go:119.17,120.31 1 0
github.com/ShotaKitazawa/kube-portal/internal/infrastructure/kubernetes/client.go:121.20,122.33 1 0
github.com/ShotaKitazawa/kube-portal/internal/infrastructure/kubernetes/client.go:123.16,124.50 1 0
github.com/ShotaKitazawa/kube-portal/internal/infrastructure/kubernetes/client.go:125.22,126.39 1 0
github.com/ShotaKitazawa/kube-portal/internal/infrastructure/kubernetes/client.go:126.39,128.6 1 0
github.com/ShotaKitazawa/kube-portal/internal/infrastructure/kubernetes/client.go:129.12,131.13 2 0
github.com/ShotaKitazawa/kube-portal/internal/infrastructure/kubernetes/client.go:134.4,134.66 1 1
github.com/ShotaKitazawa/kube-portal/internal/infrastructure/kubernetes/client.go:134.66,136.19 2 1
github.com/ShotaKitazawa/kube-portal/internal/infrastructure/kubernetes/client.go:136.19,138.6 1 0
github.com/ShotaKitazawa/kube-portal/internal/infrastructure/kubernetes/client.go:139.5,140.51 2 1
github.com/ShotaKitazawa/kube-portal/internal/infrastructure/kubernetes/client.go:140.51,142.6 1 0
github.com/ShotaKitazawa/kube-portal/internal/infrastructure/kubernetes/client.go:144.5,146.19 2 1
github.com/ShotaKitazawa/kube-portal/internal/infrastructure/kubernetes/client.go:146.19,149.14 2 0
github.com/ShotaKitazawa/kube-portal/internal/infrastructure/kubernetes/client.go:151.5,152.12 2 1
github.com/ShotaKitazawa/kube-portal/internal/infrastructure/kubernetes/client.go:152.12,155.14 2 0
github.com/ShotaKitazawa/kube-portal/internal/infrastructure/kubernetes/client.go:157.5,161.19 3 1
github.com/ShotaKitazawa/kube-portal/internal/infrastructure/kubernetes/client.go:161.19,166.6 2 0
github.com/ShotaKitazawa/kube-portal/internal/infrastructure/kubernetes/client.go:167.5,168.12 2 1
github.com/ShotaKitazawa/kube-portal/internal/infrastructure/kubernetes/client.go:168.12,173.6 2 0
github.com/ShotaKitazawa/kube-portal/internal/infrastructure/kubernetes/client.go:174.5,174.31 1 1
github.com/ShotaKitazawa/kube-portal/internal/infrastructure/kubernetes/client.go:176.4,176.65 1 1
github.com/ShotaKitazawa/kube-portal/internal/infrastructure/kubernetes/client.go:180.3,180.29 1 1
github.com/ShotaKitazawa/kube-portal/internal/infrastructure/kubernetes/client.go:180.29,183.22 2 1
github.com/ShotaKitazawa/kube-portal/internal/infrastructure/kubernetes/client.go:183.22,185.5 1 1
github.com/ShotaKitazawa/kube-portal/internal/infrastructure/kubernetes/client.go:186.4,186.23 1 1
github.com/ShotaKitazawa/kube-portal/internal/infrastructure/kubernetes/client.go:186.23,188.5 1 1
github.com/ShotaKitazawa/kube-portal/internal/infrastructure/kubernetes/client.go:189.4,189.23 1 1
github.com/ShotaKitazawa/kube-portal/internal/infrastructure/kubernetes/client.go:189.23,191.5 1 1
github.com/ShotaKitazawa/kube-portal/internal/infrastructure/kubernetes/client.go:192.4,192.32 1 1
github.com/ShotaKitazawa/kube-portal/internal/infrastructure/kubernetes/client.go:196.2,196.20 1 1
github.com/ShotaKitazawa/kube-portal/internal/infrastructure/kubernetes/client.go:199.80,206.16 3 0
github.com/ShotaKitazawa/kube-portal/internal/infrastructure/kubernetes/client.go:206.16,208.3 1 0
github.com/ShotaKitazawa/kube-portal/internal/infrastructure/kubernetes/client.go:209.2,210.32 2 0
github.com/ShotaKitazawa/kube-portal/internal/infrastructure/kubernetes/client.go:210.32,212.98 2 0
github.com/ShotaKitazawa/kube-portal/internal/infrastructure/kubernetes/client.go:212.98,214.4 1 0
github.com/ShotaKitazawa/kube-portal/internal/infrastructure/kubernetes/client.go:216.3,217.17 2 0
github.com/ShotaKitazawa/kube-portal/internal/infrastructure/kubernetes/client.go:217.17,219.4 1 0
github.com/ShotaKitazawa/kube-portal/internal/infrastructure/kubernetes/client.go:221.3,229.5 1 0
github.com/ShotaKitazawa/kube-portal/internal/infrastructure/kubernetes/client.go:231.2,231.20 1 0
github.com/ShotaKitazawa/kube-portal/internal/api/oas_cfg_gen.go:39.35,40.31 1 0
github.com/ShotaKitazawa/kube-portal/internal/api/oas_cfg_gen.go:40.31,42.3 1 0
github.com/ShotaKitazawa/kube-portal/internal/api/oas_cfg_gen.go:43.2,43.30 1 0
github.com/ShotaKitazawa/kube-portal/internal/api/oas_cfg_gen.go:43.30,45.3 1 0
github.com/ShotaKitazawa/kube-portal/internal/api/oas_cfg_gen.go:46.2,51.3 2 0
github.com/ShotaKitazawa/kube-portal/internal/api/oas_cfg_gen.go:74.42,76.2 1 0
github.com/ShotaKitazawa/kube-portal/internal/api/oas_cfg_gen.go:80.54,82.2 1 0
github.com/ShotaKitazawa/kube-portal/internal/api/oas_cfg_gen.go:84.57,92.27 2 0
github.com/ShotaKitazawa/kube-portal/internal/api/oas_cfg_gen.go:92.27,94.3 1 0
github.com/ShotaKitazawa/kube-portal/internal/api/oas_cfg_gen.go:95.2,96.12 2 0
github.com/ShotaKitazawa/kube-portal/internal/api/oas_cfg_gen.go:106.70,108.2 1 0
github.com/ShotaKitazawa/kube-portal/internal/api/oas_cfg_gen.go:117.97,120.15 3 0
github.com/ShotaKitazawa/kube-portal/internal/api/oas_cfg_gen.go:120.15,122.35 2 0
github.com/ShotaKitazawa/kube-portal/internal/api/oas_cfg_gen.go:122.35,124.15 2 0
github.com/ShotaKitazawa/kube-portal/internal/api/oas_cfg_gen.go:124.15,126.11 2 0
github.com/ShotaKitazawa/kube-portal/internal/api/oas_cfg_gen.go:126.11,128.6 1 0
github.com/ShotaKitazawa/kube-portal/internal/api/oas_cfg_gen.go:131.3,131.30 1 0
github.com/ShotaKitazawa/kube-portal/internal/api/oas_cfg_gen.go:131.30,133.4 1 0
github.com/ShotaKitazawa/kube-portal/internal/api/oas_cfg_gen.go:134.3,134.31 1 0
github.com/ShotaKitazawa/kube-portal/internal/api/oas_cfg_gen.go:134.31,136.4 1 0
github.com/ShotaKitazawa/kube-portal/internal/api/oas_cfg_gen.go:138.2,138.35 1 0
github.com/ShotaKitazawa/kube-portal/internal/api/oas_cfg_gen.go:138.35,141.3 2 0
github.com/ShotaKitazawa/kube-portal/internal/api/oas_cfg_gen.go:142.2,143.16 2 0
github.com/ShotaKitazawa/kube-portal/internal/api/oas_cfg_gen.go:143.16,146.3 2 0
github.com/ShotaKitazawa/kube-portal/internal/api/oas_cfg_gen.go:147.2,147.23 1 0
github.com/ShotaKitazawa/kube-portal/internal/api/oas_cfg_gen.go:150.64,152.83 2 0
github.com/ShotaKitazawa/kube-portal/internal/api/oas_cfg_gen.go:152.83,154.3 1 0
github.com/ShotaKitazawa/kube-portal/internal/api/oas_cfg_gen.go:155.2,155.80 1 0
github.com/ShotaKitazawa/kube-portal/internal/api/oas_cfg_gen.go:155.80,157.3 1 0
github.com/ShotaKitazawa/kube-portal/internal/api/oas_cfg_gen.go:158.2,158.81 1 0
github.com/ShotaKitazawa/kube-portal/internal/api/oas_cfg_gen.go:158.81,160.3 1 0
github.com/ShotaKitazawa/kube-portal/internal/api/oas_cfg_gen.go:161.2,161.15 1 0
github.com/ShotaKitazawa/kube-portal/internal/api/oas_cfg_gen.go:176.42,178.2 1 0
github.com/ShotaKitazawa/kube-portal/internal/api/oas_cfg_gen.go:182.54,184.2 1 0
github.com/ShotaKitazawa/kube-portal/internal/api/oas_cfg_gen.go:186.57,190.27 2 0
github.com/ShotaKitazawa/kube-portal/internal/api/oas_cfg_gen.go:190.27,192.3 1 0
github.com/ShotaKitazawa/kube-portal/internal/api/oas_cfg_gen.go:193.2,194.12 2 0
github.com/ShotaKitazawa/kube-portal/internal/api/oas_cfg_gen.go:204.64,206.83 2 0
github.com/ShotaKitazawa/kube-portal/internal/api/oas_cfg_gen.go:206.83,208.3 1 0
github.com/ShotaKitazawa/kube-portal/internal/api/oas_cfg_gen.go:209.2,209.80 1 0
github.com/ShotaKitazawa/kube-portal/internal/api/oas_cfg_gen.go:209.80,211.3 1 0
github.com/ShotaKitazawa/kube-portal/internal/api/oas_cfg_gen.go:212.2,212.81 1 0
github.com/ShotaKitazawa/kube-portal/internal/api/oas_cfg_gen.go:212.81,214.3 1 0
github.com/ShotaKitazawa/kube-portal/internal/api/oas_cfg_gen.go:215.2,215.15 1 0
github.com/ShotaKitazawa/kube-portal/internal/api/oas_cfg_gen.go:227.63,228.46 1 0
github.com/ShotaKitazawa/kube-portal/internal/api/oas_cfg_gen.go:228.46,229.22 1 0
github.com/ShotaKitazawa/kube-portal/internal/api/oas_cfg_gen.go:229.22,231.4 1 0
github.com/ShotaKitazawa/kube-portal/internal/api/oas_cfg_gen.go:238.62,239.46 1 0
github.com/ShotaKitazawa/kube-portal/internal/api/oas_cfg_gen.go:239.46,240.22 1 0
github.com/ShotaKitazawa/kube-portal/internal/api/oas_cfg_gen.go:240.22,242.4 1 0
github.com/ShotaKitazawa/kube-portal/internal/api/oas_cfg_gen.go:247.62,248.46 1 0
github.com/ShotaKitazawa/kube-portal/internal/api/oas_cfg_gen.go:248.46,250.3 1 0
github.com/ShotaKitazawa/kube-portal/internal/api/oas_cfg_gen.go:254.48,255.58 1 0
github.com/ShotaKitazawa/kube-portal/internal/api/oas_cfg_gen.go:255.58,256.20 1 0
github.com/ShotaKitazawa/kube-portal/internal/api/oas_cfg_gen.go:256.20,258.4 1 0
github.com/ShotaKitazawa/kube-portal/internal/api/oas_cfg_gen.go:263.59,264.58 1 0
github.com/ShotaKitazawa/kube-portal/internal/api/oas_cfg_gen.go:264.58,265.22 1 0
github.com/ShotaKitazawa/kube-portal/internal/api/oas_cfg_gen.go:265.22,267.4 1 0
github.com/ShotaKitazawa/kube-portal/internal/api/oas_cfg_gen.go:272.119,273.58 1 0
github.com/ShotaKitazawa/kube-portal/internal/api/oas_cfg_gen.go:273.58,274.30 1 0
github.com/ShotaKitazawa/kube-portal/internal/api/oas_cfg_gen.go:274.30,276.4 1 0
github.com/ShotaKitazawa/kube-portal/internal/api/oas_cfg_gen.go:281.52,282.58 1 0
github.com/ShotaKitazawa/kube-portal/internal/api/oas_cfg_gen.go:282.58,283.15 1 0
github.com/ShotaKitazawa/kube-portal/internal/api/oas_cfg_gen.go:283.15,285.4 1 0
github.com/ShotaKitazawa/kube-portal/internal/api/oas_cfg_gen.go:290.49,291.58 1 0
github.com/ShotaKitazawa/kube-portal/internal/api/oas_cfg_gen.go:291.58,293.3 1 0
github.com/ShotaKitazawa/kube-portal/internal/api/oas_cfg_gen.go:297.51,298.58 1 0
github.com/ShotaKitazawa/kube-portal/internal/api/oas_cfg_gen.go:298.58,299.17 1 0
github.com/ShotaKitazawa/kube-portal/internal/api/oas_cfg_gen.go:300.10,301.24 1 0
github.com/ShotaKitazawa/kube-portal/internal/api/oas_cfg_gen.go:302.10,303.25 1 0
github.com/ShotaKitazawa/kube-portal/internal/api/oas_cfg_gen.go:304.11,305.54 1 0
github.com/ShotaKitazawa/kube-portal/internal/api/oas_cfg_gen.go:312.53,313.58 1 0
github.com/ShotaKitazawa/kube-portal/internal/api/oas_cfg_gen.go:313.58,314.14 1 0
github.com/ShotaKitazawa/kube-portal/internal/api/oas_cfg_gen.go:314.14,316.4 1 0
github.com/ShotaKitazawa/kube-portal/internal/api/oas_client_gen.go:23.38,26.2 2 0
github.com/ShotaKitazawa/kube-portal/internal/api/oas_client_gen.go:46.93,48.16 2 0
github.com/ShotaKitazawa/kube-portal/internal/api/oas_client_gen.go:48.16,50.3 1 0
github.com/ShotaKitazawa/kube-portal/internal/api/oas_client_gen.go:51.2,54.16 3 0
github.com/ShotaKitazawa/kube-portal/internal/api/oas_client_gen.go:54.16,56.3 1 0
github.com/ShotaKitazawa/kube-portal/internal/api/oas_client_gen.go:57.2,61.8 1 0
github.com/ShotaKitazawa/kube-portal/internal/api/oas_client_gen.go:67.69,69.2 1 0
github.com/ShotaKitazawa/kube-portal/internal/api/oas_client_gen.go:71.59,73.9 2 0
github.com/ShotaKitazawa/kube-portal/internal/api/oas_client_gen.go:73.9,75.3 1 0
github.com/ShotaKitazawa/kube-portal/internal/api/oas_client_gen.go:76.2,76.10 1 0
github.com/ShotaKitazawa/kube-portal/internal/api/oas_client_gen.go:84.78,87.2 2 0
github.com/ShotaKitazawa/kube-portal/internal/api/oas_client_gen.go:89.90,99.15 4 0
github.com/ShotaKitazawa/kube-portal/internal/api/oas_client_gen.go:99.15,103.3 2 0
github.com/ShotaKitazawa/kube-portal/internal/api/oas_client_gen.go:106.2,115.15 4 0
github.com/ShotaKitazawa/kube-portal/internal/api/oas_client_gen.go:115.15,116.17 1 0
github.com/ShotaKitazawa/kube-portal/internal/api/oas_client_gen.go:116.17,120.4 3 0
github.com/ShotaKitazawa/kube-portal/internal/api/oas_client_gen.go:121.3,121.13 1 0
github.com/ShotaKitazawa/kube-portal/internal/api/oas_client_gen.go:124.2,132.16 8 0
github.com/ShotaKitazawa/kube-portal/internal/api/oas_client_gen.go:132.16,134.3 1 0
github.com/ShotaKitazawa/kube-portal/internal/api/oas_client_gen.go:136.2,139.3 3 0
github.com/ShotaKitazawa/kube-portal/internal/api/oas_client_gen.go:139.3,141.74 2 0
github.com/ShotaKitazawa/kube-portal/internal/api/oas_client_gen.go:142.20,143.27 1 0
github.com/ShotaKitazawa/kube-portal/internal/api/oas_client_gen.go:144.58,144.58 0 0
github.com/ShotaKitazawa/kube-portal/internal/api/oas_client_gen.go:146.12,147.60 1 0
github.com/ShotaKitazawa/kube-portal/internal/api/oas_client_gen.go:151.3,151.24 1 0
github.com/ShotaKitazawa/kube-portal/internal/api/oas_client_gen.go:151.24,156.6 1 0
github.com/ShotaKitazawa/kube-portal/internal/api/oas_client_gen.go:156.6,157.38 1 0
github.com/ShotaKitazawa/kube-portal/internal/api/oas_client_gen.go:157.38,158.35 1 0
github.com/ShotaKitazawa/kube-portal/internal/api/oas_client_gen.go:158.35,159.31 1 0
github.com/ShotaKitazawa/kube-portal/internal/api/oas_client_gen.go:162.5,162.16 1 0
github.com/ShotaKitazawa/kube-portal/internal/api/oas_client_gen.go:164.4,164.16 1 0
github.com/ShotaKitazawa/kube-portal/internal/api/oas_client_gen.go:165.12,167.4 1 0
github.com/ShotaKitazawa/kube-portal/internal/api/oas_client_gen.go:170.2,172.16 3 0
github.com/ShotaKitazawa/kube-portal/internal/api/oas_client_gen.go:172.16,174.3 1 0
github.com/ShotaKitazawa/kube-portal/internal/api/oas_client_gen.go:175.2,180.16 5 0
github.com/ShotaKitazawa/kube-portal/internal/api/oas_client_gen.go:180.16,182.3 1 0
github.com/ShotaKitazawa/kube-portal/internal/api/oas_client_gen.go:184.2,184.20 1 0
github.com/ShotaKitazawa/kube-portal/internal/api/oas_handlers_gen.go:27.48,30.2 2 0
github.com/ShotaKitazawa/kube-portal/internal/api/oas_handlers_gen.go:32.53,34.2 1 0
github.com/ShotaKitazawa/kube-portal/internal/api/oas_handlers_gen.go:41.121,65.15 10 0
github.com/ShotaKitazawa/kube-portal/internal/api/oas_handlers_gen.go:65.15,71.16 5 0
github.com/ShotaKitazawa/kube-portal/internal/api/oas_handlers_gen.go:71.16,75.4 3 0
github.com/ShotaKitazawa/kube-portal/internal/api/oas_handlers_gen.go:76.3,82.86 3 0
github.com/ShotaKitazawa/kube-portal/internal/api/oas_handlers_gen.go:85.2,86.47 1 0
github.com/ShotaKitazawa/kube-portal/internal/api/oas_handlers_gen.go:86.47,94.33 3 0
github.com/ShotaKitazawa/kube-portal/internal/api/oas_handlers_gen.go:94.33,96.5 1 0
github.com/ShotaKitazawa/kube-portal/internal/api/oas_handlers_gen.go:98.4,100.17 3 0
github.com/ShotaKitazawa/kube-portal/internal/api/oas_handlers_gen.go:100.17,102.5 1 0
github.com/ShotaKitazawa/kube-portal/internal/api/oas_handlers_gen.go:104.4,104.57 1 0
github.com/ShotaKitazawa/kube-portal/internal/api/oas_handlers_gen.go:112.2,115.3 3 0
github.com/ShotaKitazawa/kube-portal/internal/api/oas_handlers_gen.go:115.3,117.18 2 0
github.com/ShotaKitazawa/kube-portal/internal/api/oas_handlers_gen.go:117.18,126.5 4 0
github.com/ShotaKitazawa/kube-portal/internal/api/oas_handlers_gen.go:127.4,127.10 1 0
github.com/ShotaKitazawa/kube-portal/internal/api/oas_handlers_gen.go:127.10,130.5 2 0
github.com/ShotaKitazawa/kube-portal/internal/api/oas_handlers_gen.go:133.3,133.24 1 0
github.com/ShotaKitazawa/kube-portal/internal/api/oas_handlers_gen.go:133.24,138.6 1 0
github.com/ShotaKitazawa/kube-portal/internal/api/oas_handlers_gen.go:138.6,139.38 1 0
github.com/ShotaKitazawa/kube-portal/internal/api/oas_handlers_gen.go:139.38,140.35 1 0
github.com/ShotaKitazawa/kube-portal/internal/api/oas_handlers_gen.go:140.35,141.31 1 0
github.com/ShotaKitazawa/kube-portal/internal/api/oas_handlers_gen.go:144.5,144.16 1 0
github.com/ShotaKitazawa/kube-portal/internal/api/oas_handlers_gen.go:146.4,146.16 1 0
github.com/ShotaKitazawa/kube-portal/internal/api/oas_handlers_gen.go:147.12,155.4 4 0
github.com/ShotaKitazawa/kube-portal/internal/api/oas_handlers_gen.go:158.2,161.37 3 0
github.com/ShotaKitazawa/kube-portal/internal/api/oas_handlers_gen.go:161.37,186.93 3 0
github.com/ShotaKitazawa/kube-portal/internal/api/oas_handlers_gen.go:186.93,189.5 2 0
github.com/ShotaKitazawa/kube-portal/internal/api/oas_handlers_gen.go:191.8,193.3 1 0
github.com/ShotaKitazawa/kube-portal/internal/api/oas_handlers_gen.go:194.2,194.16 1 0
github.com/ShotaKitazawa/kube-portal/internal/api/oas_handlers_gen.go:194.16,198.3 3 0
github.com/ShotaKitazawa/kube-portal/internal/api/oas_handlers_gen.go:200.2,200.73 1 0
github.com/ShotaKitazawa/kube-portal/internal/api/oas_handlers_gen.go:200.73,202.57 2 0
github.com/ShotaKitazawa/kube-portal/internal/api/oas_handlers_gen.go:202.57,204.4 1 0
github.com/ShotaKitazawa/kube-portal/internal/api/oas_handlers_gen.go:205.3,205.9 1 0
github.com/ShotaKitazawa/kube-portal/internal/api/oas_json_gen.go:15.45,19.2 3 0
github.com/ShotaKitazawa/kube-portal/internal/api/oas_json_gen.go:22.51,23.2 1 0
github.com/ShotaKitazawa/kube-portal/internal/api/oas_json_gen.go:23.2,26.3 2 0
github.com/ShotaKitazawa/kube-portal/internal/api/oas_json_gen.go:27.2,30.3 2 0
github.com/ShotaKitazawa/kube-portal/internal/api/oas_json_gen.go:31.2,34.3 2 0
github.com/ShotaKitazawa/kube-portal/internal/api/oas_json_gen.go:35.2,38.31 3 0
github.com/ShotaKitazawa/kube-portal/internal/api/oas_json_gen.go:38.31,40.4 1 0
github.com/ShotaKitazawa/kube-portal/internal/api/oas_json_gen.go:41.3,41.13 1 0
github.com/ShotaKitazawa/kube-portal/internal/api/oas_json_gen.go:53.51,54.14 1 0
github.com/ShotaKitazawa/kube-portal/internal/api/oas_json_gen.go:54.14,56.3 1 0
github.com/ShotaKitazawa/kube-portal/internal/api/oas_json_gen.go:57.2,59.59 2 0
github.com/ShotaKitazawa/kube-portal/internal/api/oas_json_gen.go:59.59,60.20 1 0
github.com/ShotaKitazawa/kube-portal/internal/api/oas_json_gen.go:61.15,63.27 2 0
github.com/ShotaKitazawa/kube-portal/internal/api/oas_json_gen.go:63.27,66.19 3 0
github.com/ShotaKitazawa/kube-portal/internal/api/oas_json_gen.go:66.19,68.6 1 0
github.com/ShotaKitazawa/kube-portal/internal/api/oas_json_gen.go:69.5,69.15 1 0
github.com/ShotaKitazawa/kube-portal/internal/api/oas_json_gen.go:70.20,72.5 1 0
github.com/ShotaKitazawa/kube-portal/internal/api/oas_json_gen.go:73.14,75.27 2 0
github.com/ShotaKitazawa/kube-portal/internal/api/oas_json_gen.go:75.27,78.19 3 0
github.com/ShotaKitazawa/kube-portal/internal/api/oas_json_gen.go:78.19,80.6 1 0
github.com/ShotaKitazawa/kube-portal/internal/api/oas_json_gen.go:81.5,81.15 1 0
github.com/ShotaKitazawa/kube-portal/internal/api/oas_json_gen.go:82.20,84.5 1 0
github.com/ShotaKitazawa/kube-portal/internal/api/oas_json_gen.go:85.19,87.27 2 0
github.com/ShotaKitazawa/kube-portal/internal/api/oas_json_gen.go:87.27,90.19 3 0
github.com/ShotaKitazawa/kube-portal/internal/api/oas_json_gen.go:90.19,92.6 1 0
github.com/ShotaKitazawa/kube-portal/internal/api/oas_json_gen.go:93.5,93.15 1 0
github.com/ShotaKitazawa/kube-portal/internal/api/oas_json_gen.go:94.20,96.5 1 0
github.com/ShotaKitazawa/kube-portal/internal/api/oas_json_gen.go:97.15,99.27 2 0
github.com/ShotaKitazawa/kube-portal/internal/api/oas_json_gen.go:99.27,101.47 2 0
github.com/ShotaKitazawa/kube-portal/internal/api/oas_json_gen.go:101.47,105.20 4 0
github.com/ShotaKitazawa/kube-portal/internal/api/oas_json_gen.go:105.20,107.7 1 0
github.com/ShotaKitazawa/kube-portal/internal/api/oas_json_gen.go:108.6,109.16 2 0
github.com/ShotaKitazawa/kube-portal/internal/api/oas_json_gen.go:110.20,112.6 1 0
github.com/ShotaKitazawa/kube-portal/internal/api/oas_json_gen.go:113.5,113.15 1 0
github.com/ShotaKitazawa/kube-portal/internal/api/oas_json_gen.go:114.20,116.5 1 0
github.com/ShotaKitazawa/kube-portal/internal/api/oas_json_gen.go:117.11,118.19 1 0
github.com/ShotaKitazawa/kube-portal/internal/api/oas_json_gen.go:120.3,120.13 1 0
github.com/ShotaKitazawa/kube-portal/internal/api/oas_json_gen.go:121.17,123.3 1 0
github.com/ShotaKitazawa/kube-portal/internal/api/oas_json_gen.go:125.2,128.4 2 0
github.com/ShotaKitazawa/kube-portal/internal/api/oas_json_gen.go:128.4,129.63 1 0
github.com/ShotaKitazawa/kube-portal/internal/api/oas_json_gen.go:129.63,135.41 2 0
github.com/ShotaKitazawa/kube-portal/internal/api/oas_json_gen.go:135.41,139.52 4 0
github.com/ShotaKitazawa/kube-portal/internal/api/oas_json_gen.go:139.52,141.6 1 0
github.com/ShotaKitazawa/kube-portal/internal/api/oas_json_gen.go:141.11,143.6 1 0
github.com/ShotaKitazawa/kube-portal/internal/api/oas_json_gen.go:144.5,149.27 2 0
github.com/ShotaKitazawa/kube-portal/internal/api/oas_json_gen.go:153.2,153.23 1 0
github.com/ShotaKitazawa/kube-portal/internal/api/oas_json_gen.go:153.23,155.3 1 0
github.com/ShotaKitazawa/kube-portal/internal/api/oas_json_gen.go:157.2,157.12 1 0
github.com/ShotaKitazawa/kube-portal/internal/api/oas_json_gen.go:161.53,165.2 3 0
github.com/ShotaKitazawa/kube-portal/internal/api/oas_json_gen.go:168.56,171.2 2 0
github.com/ShotaKitazawa/kube-portal/internal/api/oas_labeler_gen.go:17.52,19.2 1 0
github.com/ShotaKitazawa/kube-portal/internal/api/oas_labeler_gen.go:22.48,24.2 1 0
github.com/ShotaKitazawa/kube-portal/internal/api/oas_labeler_gen.go:33.63,34.60 1 0
github.com/ShotaKitazawa/kube-portal/internal/api/oas_labeler_gen.go:34.60,36.3 1 0
github.com/ShotaKitazawa/kube-portal/internal/api/oas_labeler_gen.go:37.2,37.26 1 0
github.com/ShotaKitazawa/kube-portal/internal/api/oas_labeler_gen.go:40.74,42.2 1 0
github.com/ShotaKitazawa/kube-portal/internal/api/oas_response_decoders_gen.go:17.86,18.25 1 0
github.com/ShotaKitazawa/kube-portal/internal/api/oas_response_decoders_gen.go:19.11,22.17 2 0
github.com/ShotaKitazawa/kube-portal/internal/api/oas_response_decoders_gen.go:22.17,24.4 1 0
github.com/ShotaKitazawa/kube-portal/internal/api/oas_response_decoders_gen.go:25.3,25.10 1 0
github.com/ShotaKitazawa/kube-portal/internal/api/oas_response_decoders_gen.go:26.33,28.18 2 0
github.com/ShotaKitazawa/kube-portal/internal/api/oas_response_decoders_gen.go:28.18,30.5 1 0
github.com/ShotaKitazawa/kube-portal/internal/api/oas_response_decoders_gen.go:31.4,34.27 3 0
github.com/ShotaKitazawa/kube-portal/internal/api/oas_response_decoders_gen.go:34.27,36.47 2 0
github.com/ShotaKitazawa/kube-portal/internal/api/oas_response_decoders_gen.go:36.47,38.43 2 0
github.com/ShotaKitazawa/kube-portal/internal/api/oas_response_decoders_gen.go:38.43,40.7 1 0
github.com/ShotaKitazawa/kube-portal/internal/api/oas_response_decoders_gen.go:41.6,42.16 2 0
github.com/ShotaKitazawa/kube-portal/internal/api/oas_response_decoders_gen.go:43.20,45.6 1 0
github.com/ShotaKitazawa/kube-portal/internal/api/oas_response_decoders_gen.go:46.5,46.39 1 0
github.com/ShotaKitazawa/kube-portal/internal/api/oas_response_decoders_gen.go:46.39,48.6 1 0
github.com/ShotaKitazawa/kube-portal/internal/api/oas_response_decoders_gen.go:49.5,49.15 1 0
github.com/ShotaKitazawa/kube-portal/internal/api/oas_response_decoders_gen.go:50.20,57.5 2 0
github.com/ShotaKitazawa/kube-portal/internal/api/oas_response_decoders_gen.go:59.4,59.27 1 0
github.com/ShotaKitazawa/kube-portal/internal/api/oas_response_decoders_gen.go:59.27,60.24 1 0
github.com/ShotaKitazawa/kube-portal/internal/api/oas_response_decoders_gen.go:60.24,62.6 1 0
github.com/ShotaKitazawa/kube-portal/internal/api/oas_response_decoders_gen.go:63.5,64.35 2 0
github.com/ShotaKitazawa/kube-portal/internal/api/oas_response_decoders_gen.go:64.35,65.29 1 0
github.com/ShotaKitazawa/kube-portal/internal/api/oas_response_decoders_gen.go:65.29,66.45 1 0
github.com/ShotaKitazawa/kube-portal/internal/api/oas_response_decoders_gen.go:66.45,68.8 1 0
github.com/ShotaKitazawa/kube-portal/internal/api/oas_response_decoders_gen.go:69.7,69.17 1 0
github.com/ShotaKitazawa/kube-portal/internal/api/oas_response_decoders_gen.go:70.22,75.7 1 0
github.com/ShotaKitazawa/kube-portal/internal/api/oas_response_decoders_gen.go:77.5,77.26 1 0
github.com/ShotaKitazawa/kube-portal/internal/api/oas_response_decoders_gen.go:77.26,79.6 1 0
github.com/ShotaKitazawa/kube-portal/internal/api/oas_response_decoders_gen.go:80.5,80.15 1 0
github.com/ShotaKitazawa/kube-portal/internal/api/oas_response_decoders_gen.go:81.20,83.5 1 0
github.com/ShotaKitazawa/kube-portal/internal/api/oas_response_decoders_gen.go:84.4,84.24 1 0
github.com/ShotaKitazawa/kube-portal/internal/api/oas_response_decoders_gen.go:85.11,86.47 1 0
github.com/ShotaKitazawa/kube-portal/internal/api/oas_response_decoders_gen.go:89.2,89.61 1 0
github.com/ShotaKitazawa/kube-portal/internal/api/oas_response_encoders_gen.go:14.106,21.32 6 0
github.com/ShotaKitazawa/kube-portal/internal/api/oas_response_encoders_gen.go:21.32,23.3 1 0
github.com/ShotaKitazawa/kube-portal/internal/api/oas_response_encoders_gen.go:24.2,25.40 2 0
github.com/ShotaKitazawa/kube-portal/internal/api/oas_response_encoders_gen.go:25.40,27.3 1 0
github.com/ShotaKitazawa/kube-portal/internal/api/oas_response_encoders_gen.go:29.2,29.12 1 0
github.com/ShotaKitazawa/kube-portal/internal/api/oas_router_gen.go:19.56,21.18 2 0
github.com/ShotaKitazawa/kube-portal/internal/api/oas_router_gen.go:21.18,23.3 1 0
github.com/ShotaKitazawa/kube-portal/internal/api/oas_router_gen.go:24.2,24.38 1 0
github.com/ShotaKitazawa/kube-portal/internal/api/oas_router_gen.go:24.38,27.3 1 0
github.com/ShotaKitazawa/kube-portal/internal/api/oas_router_gen.go:29.2,29.47 1 0
github.com/ShotaKitazawa/kube-portal/internal/api/oas_router_gen.go:34.68,37.45 3 0
github.com/ShotaKitazawa/kube-portal/internal/api/oas_router_gen.go:37.45,38.62 1 0
github.com/ShotaKitazawa/kube-portal/internal/api/oas_router_gen.go:38.62,41.4 2 0
github.com/ShotaKitazawa/kube-portal/internal/api/oas_router_gen.go:44.2,45.27 2 0
github.com/ShotaKitazawa/kube-portal/internal/api/oas_router_gen.go:45.27,48.3 2 0
github.com/ShotaKitazawa/kube-portal/internal/api/oas_router_gen.go:51.2,51.9 1 0
github.com/ShotaKitazawa/kube-portal/internal/api/oas_router_gen.go:52.10,53.21 1 0
github.com/ShotaKitazawa/kube-portal/internal/api/oas_router_gen.go:53.21,54.9 1 0
github.com/ShotaKitazawa/kube-portal/internal/api/oas_router_gen.go:56.3,56.18 1 0
github.com/ShotaKitazawa/kube-portal/internal/api/oas_router_gen.go:57.12,59.65 1 0
github.com/ShotaKitazawa/kube-portal/internal/api/oas_router_gen.go:59.65,61.5 1 0
github.com/ShotaKitazawa/kube-portal/internal/api/oas_router_gen.go:61.10,62.10 1 0
github.com/ShotaKitazawa/kube-portal/internal/api/oas_router_gen.go:65.4,65.22 1 0
github.com/ShotaKitazawa/kube-portal/internal/api/oas_router_gen.go:65.22,67.21 1 0
github.com/ShotaKitazawa/kube-portal/internal/api/oas_router_gen.go:68.16,69.70 1 0
github.com/ShotaKitazawa/kube-portal/internal/api/oas_router_gen.go:70.13,76.8 1 0
github.com/ShotaKitazawa/kube-portal/internal/api/oas_router_gen.go:79.5,79.11 1 0
github.com/ShotaKitazawa/kube-portal/internal/api/oas_router_gen.go:84.2,84.18 1 0
github.com/ShotaKitazawa/kube-portal/internal/api/oas_router_gen.go:101.30,103.2 1 0
github.com/ShotaKitazawa/kube-portal/internal/api/oas_router_gen.go:106.33,108.2 1 0
github.com/ShotaKitazawa/kube-portal/internal/api/oas_router_gen.go:111.37,113.2 1 0
github.com/ShotaKitazawa/kube-portal/internal/api/oas_router_gen.go:116.40,118.2 1 0
github.com/ShotaKitazawa/kube-portal/internal/api/oas_router_gen.go:121.37,123.2 1 0
github.com/ShotaKitazawa/kube-portal/internal/api/oas_router_gen.go:126.32,128.2 1 0
github.com/ShotaKitazawa/kube-portal/internal/api/oas_router_gen.go:133.63,135.2 1 0
github.com/ShotaKitazawa/kube-portal/internal/api/oas_router_gen.go:138.72,143.41 2 0
github.com/ShotaKitazawa/kube-portal/internal/api/oas_router_gen.go:143.41,144.62 1 0
github.com/ShotaKitazawa/kube-portal/internal/api/oas_router_gen.go:144.62,146.4 1 0
github.com/ShotaKitazawa/kube-portal/internal/api/oas_router_gen.go:147.3,147.16 1 0
github.com/ShotaKitazawa/kube-portal/internal/api/oas_router_gen.go:147.16,148.41 1 0
github.com/ShotaKitazawa/kube-portal/internal/api/oas_router_gen.go:148.41,149.60 1 0
github.com/ShotaKitazawa/kube-portal/internal/api/oas_router_gen.go:149.60,151.6 1 0
github.com/ShotaKitazawa/kube-portal/internal/api/oas_router_gen.go:156.2,157.9 2 0
github.com/ShotaKitazawa/kube-portal/internal/api/oas_router_gen.go:157.9,159.3 1 0
github.com/ShotaKitazawa/kube-portal/internal/api/oas_router_gen.go:162.2,162.9 1 0
github.com/ShotaKitazawa/kube-portal/internal/api/oas_router_gen.go:163.10,164.21 1 0
github.com/ShotaKitazawa/kube-portal/internal/api/oas_router_gen.go:164.21,165.9 1 0
github.com/ShotaKitazawa/kube-portal/internal/api/oas_router_gen.go:167.3,167.18 1 0
github.com/ShotaKitazawa/kube-portal/internal/api/oas_router_gen.go:168.12,170.65 1 0
github.com/ShotaKitazawa/kube-portal/internal/api/oas_router_gen.go:170.65,172.5 1 0
github.com/ShotaKitazawa/kube-portal/internal/api/oas_router_gen.go:172.10,173.10 1 0
github.com/ShotaKitazawa/kube-portal/internal/api/oas_router_gen.go:176.4,176.22 1 0
github.com/ShotaKitazawa/kube-portal/internal/api/oas_router_gen.go:176.22,178.19 1 0
github.com/ShotaKitazawa/kube-portal/internal/api/oas_router_gen.go:179.16,187.20 8 0
github.com/ShotaKitazawa/kube-portal/internal/api/oas_router_gen.go:188.13,189.12 1 0
github.com/ShotaKitazawa/kube-portal/internal/api/oas_router_gen.go:195.2,195.17 1 0
github.com/ShotaKitazawa/kube-portal/internal/api/oas_schemas_gen.go:11.40,13.2 1 0
github.com/ShotaKitazawa/kube-portal/internal/api/oas_schemas_gen.go:16.42,18.2 1 0
github.com/ShotaKitazawa/kube-portal/internal/api/oas_schemas_gen.go:21.43,23.2 1 0
github.com/ShotaKitazawa/kube-portal/internal/api/oas_schemas_gen.go:26.45,28.2 1 0
github.com/ShotaKitazawa/kube-portal/internal/api/oas_schemas_gen.go:39.40,41.2 1 0
github.com/ShotaKitazawa/kube-portal/internal/api/oas_schemas_gen.go:44.39,46.2 1 0
github.com/ShotaKitazawa/kube-portal/internal/api/oas_schemas_gen.go:49.43,51.2 1 0
github.com/ShotaKitazawa/kube-portal/internal/api/oas_schemas_gen.go:54.42,56.2 1 0
github.com/ShotaKitazawa/kube-portal/internal/api/oas_schemas_gen.go:59.43,61.2 1 0
github.com/ShotaKitazawa/kube-portal/internal/api/oas_schemas_gen.go:64.42,66.2 1 0
github.com/ShotaKitazawa/kube-portal/internal/api/oas_schemas_gen.go:69.46,71.2 1 0
github.com/ShotaKitazawa/kube-portal/internal/api/oas_schemas_gen.go:74.45,76.2 1 0
github.com/ShotaKitazawa/kube-portal/internal/api/oas_security_gen.go:20.69,22.9 2 0
github.com/ShotaKitazawa/kube-portal/internal/api/oas_security_gen.go:22.9,24.3 1 0
github.com/ShotaKitazawa/kube-portal/internal/api/oas_security_gen.go:25.2,25.23 1 0
github.com/ShotaKitazawa/kube-portal/internal/api/oas_security_gen.go:25.23,27.48 2 0
github.com/ShotaKitazawa/kube-portal/internal/api/oas_security_gen.go:27.48,28.12 1 0
github.com/ShotaKitazawa/kube-portal/internal/api/oas_security_gen.go:30.3,30.21 1 0
github.com/ShotaKitazawa/kube-portal/internal/api/oas_security_gen.go:32.2,32.18 1 0
github.com/ShotaKitazawa/kube-portal/internal/api/oas_security_gen.go:50.55,52.9 2 0
github.com/ShotaKitazawa/kube-portal/internal/api/oas_security_gen.go:52.9,54.3 1 0
github.com/ShotaKitazawa/kube-portal/internal/api/oas_security_gen.go:56.2,58.15 3 0
github.com/ShotaKitazawa/kube-portal/internal/api/oas_security_gen.go:61.137,64.9 3 0
github.com/ShotaKitazawa/kube-portal/internal/api/oas_security_gen.go:64.9,66.3 1 0
github.com/ShotaKitazawa/kube-portal/internal/api/oas_security_gen.go:67.2,70.54 4 0
github.com/ShotaKitazawa/kube-portal/internal/api/oas_security_gen.go:70.54,72.3 1 0
github.com/ShotaKitazawa/kube-portal/internal/api/oas_security_gen.go:72.8,72.23 1 0
github.com/ShotaKitazawa/kube-portal/internal/api/oas_security_gen.go:72.23,74.3 1 0
github.com/ShotaKitazawa/kube-portal/internal/api/oas_security_gen.go:75.2,75.24 1 0
github.com/ShotaKitazawa/kube-portal/internal/api/oas_security_gen.go:84.112,86.16 2 0
github.com/ShotaKitazawa/kube-portal/internal/api/oas_security_gen.go:86.16,88.3 1 0
github.com/ShotaKitazawa/kube-portal/internal/api/oas_security_gen.go:89.2,90.12 2 0
github.com/ShotaKitazawa/kube-portal/internal/api/oas_server_gen.go:28.87,30.16 2 0
github.com/ShotaKitazawa/kube-portal/internal/api/oas_server_gen.go:30.16,32.3 1 0
github.com/ShotaKitazawa/kube-portal/internal/api/oas_server_gen.go:33.2,37.8 1 0
github.com/ShotaKitazawa/kube-portal/internal/api/oas_unimplemented_gen.go:21.93,23.2 1 0
github.com/ShotaKitazawa/kube-portal/internal/api/oas_validators_gen.go:10.40,11.14 1 0
github.com/ShotaKitazawa/kube-portal/internal/api/oas_validators_gen.go:11.14,13.3 1 0
github.com/ShotaKitazawa/kube-portal/internal/api/oas_validators_gen.go:15.2,16.25 2 0
github.com/ShotaKitazawa/kube-portal/internal/api/oas_validators_gen.go:16.25,17.20 1 0
github.com/ShotaKitazawa/kube-portal/internal/api/oas_validators_gen.go:17.20,19.4 1 0
github.com/ShotaKitazawa/kube-portal/internal/api/oas_validators_gen.go:20.3,20.13 1 0
github.com/ShotaKitazawa/kube-portal/internal/api/oas_validators_gen.go:21.18,26.3 1 0
github.com/ShotaKitazawa/kube-portal/internal/api/oas_validators_gen.go:27.2,27.23 1 0
github.com/ShotaKitazawa/kube-portal/internal/api/oas_validators_gen.go:27.23,29.3 1 0
github.com/ShotaKitazawa/kube-portal/internal/api/oas_validators_gen.go:30.2,30.12 1 0
github.com/ShotaKitazawa/kube-portal/backend/route.go:22.55,31.16 4 0
github.com/ShotaKitazawa/kube-portal/backend/route.go:31.16,33.3 1 0
github.com/ShotaKitazawa/kube-portal/backend/route.go:34.2,40.16 3 0
github.com/ShotaKitazawa/kube-portal/backend/route.go:40.16,42.3 1 0
github.com/ShotaKitazawa/kube-portal/backend/route.go:45.2,49.16 2 0
github.com/ShotaKitazawa/kube-portal/backend/route.go:49.16,51.3 1 0
github.com/ShotaKitazawa/kube-portal/backend/route.go:54.2,65.37 3 0
github.com/ShotaKitazawa/kube-portal/backend/route.go:65.37,71.3 1 0
github.com/ShotaKitazawa/kube-portal/backend/route.go:74.2,78.63 3 0
github.com/ShotaKitazawa/kube-portal/flag/flag.go:34.35,35.52 1 0
github.com/ShotaKitazawa/kube-portal/flag/flag.go:35.52,37.5 1 0
github.com/ShotaKitazawa/kube-portal/flag/flag.go:38.4,38.14 1 0
github.com/ShotaKitazawa/kube-portal/flag/flag.go:68.47,79.2 1 0
github.com/ShotaKitazawa/kube-portal/main.go:20.13,23.65 3 0
github.com/ShotaKitazawa/kube-portal/main.go:23.65,25.3 1 0
github.com/ShotaKitazawa/kube-portal/main.go:26.2,28.63 2 0
github.com/ShotaKitazawa/kube-portal/main.go:28.63,30.3 1 0
github.com/ShotaKitazawa/kube-portal/internal/handler/context.go:9.62,11.2 1 0
github.com/ShotaKitazawa/kube-portal/internal/handler/context.go:13.43,16.2 2 0
github.com/ShotaKitazawa/kube-portal/internal/handler/handler.go:19.77,21.2 1 0
github.com/ShotaKitazawa/kube-portal/internal/handler/handler.go:23.83,27.16 3 0
github.com/ShotaKitazawa/kube-portal/internal/handler/handler.go:27.16,29.3 1 0
github.com/ShotaKitazawa/kube-portal/internal/handler/handler.go:30.2,31.16 2 0
github.com/ShotaKitazawa/kube-portal/internal/handler/handler.go:31.16,33.3 1 0
github.com/ShotaKitazawa/kube-portal/internal/handler/handler.go:34.2,36.59 2 0
github.com/ShotaKitazawa/kube-portal/internal/handler/handler.go:39.88,41.29 2 0
github.com/ShotaKitazawa/kube-portal/internal/handler/handler.go:41.29,43.24 2 0
github.com/ShotaKitazawa/kube-portal/internal/handler/handler.go:43.24,45.4 1 0
github.com/ShotaKitazawa/kube-portal/internal/handler/handler.go:46.3,56.5 2 0
github.com/ShotaKitazawa/kube-portal/internal/handler/handler.go:58.2,58.15 1 0
github.com/ShotaKitazawa/kube-portal/internal/handler/security.go:27.109,29.2 1 0
github.com/ShotaKitazawa/kube-portal/internal/handler/security.go:31.129,33.16 2 0
github.com/ShotaKitazawa/kube-portal/internal/handler/security.go:33.16,35.3 1 0
github.com/ShotaKitazawa/kube-portal/internal/handler/security.go:37.2,38.48 2 0
github.com/ShotaKitazawa/kube-portal/internal/handler/security.go:38.48,40.3 1 0
github.com/ShotaKitazawa/kube-portal/internal/handler/security.go:42.2,43.16 2 0
github.com/ShotaKitazawa/kube-portal/internal/handler/security.go:43.16,45.3 1 0
github.com/ShotaKitazawa/kube-portal/internal/handler/security.go:46.2,47.22 2 0
github.com/ShotaKitazawa/kube-portal/internal/handler/security.go:47.22,49.3 1 0
github.com/ShotaKitazawa/kube-portal/internal/handler/security.go:51.2,51.35 1 0
github.com/ShotaKitazawa/kube-portal/internal/model/link.go:15.74,17.14 2 0
github.com/ShotaKitazawa/kube-portal/internal/model/link.go:17.14,18.28 1 0
github.com/ShotaKitazawa/kube-portal/internal/model/link.go:18.28,19.22 1 0
github.com/ShotaKitazawa/kube-portal/internal/model/link.go:19.22,21.5 1 0
github.com/ShotaKitazawa/kube-portal/internal/model/link.go:23.8,25.3 1 0
github.com/ShotaKitazawa/kube-portal/internal/model/link.go:26.2,26.15 1 0
github.com/ShotaKitazawa/kube-portal/internal/util/context.go:9.56,11.2 1 0
github.com/ShotaKitazawa/kube-portal/internal/util/context.go:13.47,15.16 2 0
github.com/ShotaKitazawa/kube-portal/internal/util/context.go:15.16,17.3 1 0
github.com/ShotaKitazawa/kube-portal/internal/util/context.go:18.2,18.19 1 0
github.com/ShotaKitazawa/kube-portal/internal/infrastructure/kubernetes/api/v1alpha1/externallink_types.go:57.13,59.2 1 0
github.com/ShotaKitazawa/kube-portal/internal/infrastructure/kubernetes/api/v1alpha1/zz_generated.deepcopy.go:28.57,34.2 5 0
github.com/ShotaKitazawa/kube-portal/internal/infrastructure/kubernetes/api/v1alpha1/zz_generated.deepcopy.go:37.50,38.15 1 0
github.com/ShotaKitazawa/kube-portal/internal/infrastructure/kubernetes/api/v1alpha1/zz_generated.deepcopy.go:38.15,40.3 1 0
github.com/ShotaKitazawa/kube-portal/internal/infrastructure/kubernetes/api/v1alpha1/zz_generated.deepcopy.go:41.2,43.12 3 0
github.com/ShotaKitazawa/kube-portal/internal/infrastructure/kubernetes/api/v1alpha1/zz_generated.deepcopy.go:47.57,48.34 1 0
github.com/ShotaKitazawa/kube-portal/internal/infrastructure/kubernetes/api/v1alpha1/zz_generated.deepcopy.go:48.34,50.3 1 0
github.com/ShotaKitazawa/kube-portal/internal/infrastructure/kubernetes/api/v1alpha1/zz_generated.deepcopy.go:51.2,51.12 1 0
github.com/ShotaKitazawa/kube-portal/internal/infrastructure/kubernetes/api/v1alpha1/zz_generated.deepcopy.go:55.65,59.21 4 0
github.com/ShotaKitazawa/kube-portal/internal/infrastructure/kubernetes/api/v1alpha1/zz_generated.deepcopy.go:59.21,62.22 3 0
github.com/ShotaKitazawa/kube-portal/internal/infrastructure/kubernetes/api/v1alpha1/zz_generated.deepcopy.go:62.22,64.4 1 0
github.com/ShotaKitazawa/kube-portal/internal/infrastructure/kubernetes/api/v1alpha1/zz_generated.deepcopy.go:69.58,70.15 1 0
github.com/ShotaKitazawa/kube-portal/internal/infrastructure/kubernetes/api/v1alpha1/zz_generated.deepcopy.go:70.15,72.3 1 0
github.com/ShotaKitazawa/kube-portal/internal/infrastructure/kubernetes/api/v1alpha1/zz_generated.deepcopy.go:73.2,75.12 3 0
github.com/ShotaKitazawa/kube-portal/internal/infrastructure/kubernetes/api/v1alpha1/zz_generated.deepcopy.go:79.61,80.34 1 0
github.com/ShotaKitazawa/kube-portal/internal/infrastructure/kubernetes/api/v1alpha1/zz_generated.deepcopy.go:80.34,82.3 1 0
github.com/ShotaKitazawa/kube-portal/internal/infrastructure/kubernetes/api/v1alpha1/zz_generated.deepcopy.go:83.2,83.12 1 0
github.com/ShotaKitazawa/kube-portal/internal/infrastructure/kubernetes/api/v1alpha1/zz_generated.deepcopy.go:87.65,89.20 2 0
github.com/ShotaKitazawa/kube-portal/internal/infrastructure/kubernetes/api/v1alpha1/zz_generated.deepcopy.go:89.20,93.3 3 0
github.com/ShotaKitazawa/kube-portal/internal/infrastructure/kubernetes/api/v1alpha1/zz_generated.deepcopy.go:97.58,98.15 1 0
github.com/ShotaKitazawa/kube-portal/internal/infrastructure/kubernetes/api/v1alpha1/zz_generated.deepcopy.go:98.15,100.3 1 0
github.com/ShotaKitazawa/kube-portal/internal/infrastructure/kubernetes/api/v1alpha1/zz_generated.deepcopy.go:101.2,103.12 3 0
github.com/ShotaKitazawa/kube-portal/internal/infrastructure/kubernetes/api/v1alpha1/zz_generated.deepcopy.go:107.69,109.2 1 0
github.com/ShotaKitazawa/kube-portal/internal/infrastructure/kubernetes/api/v1alpha1/zz_generated.deepcopy.go:112.62,113.15 1 0
github.com/ShotaKitazawa/kube-portal/internal/infrastructure/kubernetes/api/v1alpha1/zz_generated.deepcopy.go:113.15,115.3 1 0
github.com/ShotaKitazawa/kube-portal/internal/infrastructure/kubernetes/api/v1alpha1/zz_generated.deepcopy.go:116.2,118.12 3 0
